2024-05-01 20:19:00,142 INFO pymongo.serverSelection:96 {"message": "Waiting for suitable server to become available", "selector": "<function writable_server_selector at 0x000001F3AC819C60>", "operation": "insert", "topologyDescription": "<TopologyDescription id: 6632ea040e586ac3c456fc61, topology_type: Unknown, servers: [<ServerDescription ('localhost', 27017) server_type: Unknown, rtt: None>]>", "clientId": {"$oid": "6632ea040e586ac3c456fc61"}, "remainingTimeMS": 30}
2024-05-01 20:19:00,174 INFO commission:58 viewing 1 commissions.
2024-05-01 20:26:09,814 INFO pymongo.serverSelection:96 {"message": "Waiting for suitable server to become available", "selector": "Primary()", "operation": "find", "topologyDescription": "<TopologyDescription id: 6632eba772a20ceafe64a45c, topology_type: Unknown, servers: [<ServerDescription ('localhost', 27017) server_type: Unknown, rtt: None>]>", "clientId": {"$oid": "6632eba772a20ceafe64a45c"}, "remainingTimeMS": 30}
2024-05-01 20:28:50,646 INFO pymongo.serverSelection:96 {"message": "Waiting for suitable server to become available", "selector": "Primary()", "operation": "find", "topologyDescription": "<TopologyDescription id: 6632ec4335fc605d26a0f355, topology_type: ReplicaSetNoPrimary, servers: [<ServerDescription ('ac-l0hmbsi-shard-00-00.mbupl2a.mongodb.net', 27017) server_type: Unknown, rtt: None>, <ServerDescription ('ac-l0hmbsi-shard-00-01.mbupl2a.mongodb.net', 27017) server_type: Unknown, rtt: None>, <ServerDescription ('ac-l0hmbsi-shard-00-02.mbupl2a.mongodb.net', 27017) server_type: Unknown, rtt: None>]>", "clientId": {"$oid": "6632ec4335fc605d26a0f355"}, "remainingTimeMS": 30}
2024-05-01 20:28:57,213 INFO commission:58 viewing 1 commissions.
2024-05-01 20:28:57,213 INFO commission:58 viewing 2 commissions.
2024-05-01 20:31:46,566 INFO pymongo.serverSelection:96 {"message": "Waiting for suitable server to become available", "selector": "Primary()", "operation": "find", "topologyDescription": "<TopologyDescription id: 6632ecf79dfaf12cbb81d1a6, topology_type: ReplicaSetNoPrimary, servers: [<ServerDescription ('ac-l0hmbsi-shard-00-00.mbupl2a.mongodb.net', 27017) server_type: Unknown, rtt: None>, <ServerDescription ('ac-l0hmbsi-shard-00-01.mbupl2a.mongodb.net', 27017) server_type: Unknown, rtt: None>, <ServerDescription ('ac-l0hmbsi-shard-00-02.mbupl2a.mongodb.net', 27017) server_type: Unknown, rtt: None>]>", "clientId": {"$oid": "6632ecf79dfaf12cbb81d1a6"}, "remainingTimeMS": 30}
2024-05-01 20:31:48,498 INFO commission:58 viewing 1 commissions.
2024-05-01 20:31:48,499 INFO commission:58 viewing 2 commissions.
2024-05-01 20:31:51,809 INFO commission:134 deleting commission #6632d334f53ac568ac6a36d0.
2024-05-01 20:32:00,725 INFO commission:110 updating commission #6632d4b8177cc51eeeb2cb5a.
2024-05-01 20:32:00,759 INFO commission:58 viewing 1 commissions.
2024-05-01 20:32:04,190 INFO portfolio:54 viewing 1 portfolio items.
2024-05-01 20:32:15,361 INFO portfolio:106 Updating portfolio #6632d4dd177cc51eeeb2cb5c.
2024-05-01 20:32:15,416 INFO portfolio:54 viewing 1 portfolio items.
2024-05-01 20:32:33,879 INFO portfolio:54 viewing 1 portfolio items.
2024-05-01 20:32:42,028 INFO pymongo.serverSelection:96 {"message": "Waiting for suitable server to become available", "selector": "<function writable_server_selector at 0x0000028B43519C60>", "operation": "insert", "topologyDescription": "<TopologyDescription id: 6632ed3a9dfaf12cbb81d1a8, topology_type: ReplicaSetNoPrimary, servers: [<ServerDescription ('ac-l0hmbsi-shard-00-00.mbupl2a.mongodb.net', 27017) server_type: Unknown, rtt: None>, <ServerDescription ('ac-l0hmbsi-shard-00-01.mbupl2a.mongodb.net', 27017) server_type: Unknown, rtt: None>, <ServerDescription ('ac-l0hmbsi-shard-00-02.mbupl2a.mongodb.net', 27017) server_type: Unknown, rtt: None>]>", "clientId": {"$oid": "6632ed3a9dfaf12cbb81d1a8"}, "remainingTimeMS": 30}
2024-05-01 20:32:42,675 INFO portfolio:54 viewing 2 portfolio items.
2024-05-01 20:32:44,517 INFO portfolio:129 Deleting portfolio #6632d4dd177cc51eeeb2cb5c.
2024-05-01 20:32:57,959 INFO portfolio:106 Updating portfolio #6632ed3a9dfaf12cbb81d1a9.
2024-05-01 20:32:58,020 INFO portfolio:54 viewing 1 portfolio items.
2024-05-01 20:33:03,832 INFO portfolio:54 viewing 1 portfolio items.
2024-05-01 20:33:08,392 INFO portfolio:106 Updating portfolio #6632ed3a9dfaf12cbb81d1a9.
2024-05-01 20:33:08,453 INFO portfolio:54 viewing 1 portfolio items.
2024-05-01 20:33:24,252 INFO pymongo.serverSelection:96 {"message": "Waiting for suitable server to become available", "selector": "<function writable_server_selector at 0x0000028B43519C60>", "operation": "insert", "topologyDescription": "<TopologyDescription id: 6632ed649dfaf12cbb81d1aa, topology_type: ReplicaSetNoPrimary, servers: [<ServerDescription ('ac-l0hmbsi-shard-00-00.mbupl2a.mongodb.net', 27017) server_type: Unknown, rtt: None>, <ServerDescription ('ac-l0hmbsi-shard-00-01.mbupl2a.mongodb.net', 27017) server_type: Unknown, rtt: None>, <ServerDescription ('ac-l0hmbsi-shard-00-02.mbupl2a.mongodb.net', 27017) server_type: Unknown, rtt: None>]>", "clientId": {"$oid": "6632ed649dfaf12cbb81d1aa"}, "remainingTimeMS": 30}
2024-05-01 20:33:24,955 INFO portfolio:54 viewing 2 portfolio items.
2024-05-01 20:33:29,309 INFO portfolio:106 Updating portfolio #6632ed649dfaf12cbb81d1ab.
2024-05-01 20:33:29,378 INFO portfolio:54 viewing 2 portfolio items.
2024-05-01 20:33:31,998 INFO portfolio:129 Deleting portfolio #6632ed649dfaf12cbb81d1ab.
2024-05-01 20:33:33,154 INFO portfolio:129 Deleting portfolio #6632ed3a9dfaf12cbb81d1a9.
2024-05-02 11:26:21,164 INFO pymongo.serverSelection:96 {"message": "Waiting for suitable server to become available", "selector": "Primary()", "operation": "find", "topologyDescription": "<TopologyDescription id: 6633bdb82af3a6d85e5c01bc, topology_type: ReplicaSetNoPrimary, servers: [<ServerDescription ('ac-l0hmbsi-shard-00-00.mbupl2a.mongodb.net', 27017) server_type: Unknown, rtt: None>, <ServerDescription ('ac-l0hmbsi-shard-00-01.mbupl2a.mongodb.net', 27017) server_type: Unknown, rtt: None>, <ServerDescription ('ac-l0hmbsi-shard-00-02.mbupl2a.mongodb.net', 27017) server_type: Unknown, rtt: None>]>", "clientId": {"$oid": "6633bdb82af3a6d85e5c01bc"}, "remainingTimeMS": 30}
2024-05-02 11:27:58,005 INFO pymongo.serverSelection:96 {"message": "Waiting for suitable server to become available", "selector": "Primary()", "operation": "find", "topologyDescription": "<TopologyDescription id: 6633befeb81610924bf54a20, topology_type: ReplicaSetNoPrimary, servers: [<ServerDescription ('ac-l0hmbsi-shard-00-00.mbupl2a.mongodb.net', 27017) server_type: Unknown, rtt: None>, <ServerDescription ('ac-l0hmbsi-shard-00-01.mbupl2a.mongodb.net', 27017) server_type: Unknown, rtt: None>, <ServerDescription ('ac-l0hmbsi-shard-00-02.mbupl2a.mongodb.net', 27017) server_type: Unknown, rtt: None>]>", "clientId": {"$oid": "6633befeb81610924bf54a20"}, "remainingTimeMS": 30}
2024-05-02 11:28:21,265 INFO pymongo.serverSelection:96 {"message": "Waiting for suitable server to become available", "selector": "<function writable_server_selector at 0x000001F871519C60>", "operation": "insert", "topologyDescription": "<TopologyDescription id: 6633bf25b81610924bf54a23, topology_type: ReplicaSetNoPrimary, servers: [<ServerDescription ('ac-l0hmbsi-shard-00-00.mbupl2a.mongodb.net', 27017) server_type: Unknown, rtt: None>, <ServerDescription ('ac-l0hmbsi-shard-00-01.mbupl2a.mongodb.net', 27017) server_type: Unknown, rtt: None>, <ServerDescription ('ac-l0hmbsi-shard-00-02.mbupl2a.mongodb.net', 27017) server_type: Unknown, rtt: None>]>", "clientId": {"$oid": "6633bf25b81610924bf54a23"}, "remainingTimeMS": 30}
2024-05-02 11:28:21,694 INFO commission:58 viewing 1 commissions.
2024-05-02 11:28:40,826 INFO pymongo.serverSelection:96 {"message": "Waiting for suitable server to become available", "selector": "<function writable_server_selector at 0x000001F871519C60>", "operation": "insert", "topologyDescription": "<TopologyDescription id: 6633bf38b81610924bf54a25, topology_type: ReplicaSetNoPrimary, servers: [<ServerDescription ('ac-l0hmbsi-shard-00-00.mbupl2a.mongodb.net', 27017) server_type: Unknown, rtt: None>, <ServerDescription ('ac-l0hmbsi-shard-00-01.mbupl2a.mongodb.net', 27017) server_type: Unknown, rtt: None>, <ServerDescription ('ac-l0hmbsi-shard-00-02.mbupl2a.mongodb.net', 27017) server_type: Unknown, rtt: None>]>", "clientId": {"$oid": "6633bf38b81610924bf54a25"}, "remainingTimeMS": 30}
2024-05-02 11:28:41,215 INFO commission:58 viewing 1 commissions.
2024-05-02 11:28:41,216 INFO commission:58 viewing 2 commissions.
2024-05-02 11:29:00,171 INFO commission:110 updating commission #6633bf38b81610924bf54a26.
2024-05-02 11:29:00,222 INFO commission:58 viewing 1 commissions.
2024-05-02 11:29:00,222 INFO commission:58 viewing 2 commissions.
2024-05-02 11:29:14,528 INFO commission:110 updating commission #6633bf25b81610924bf54a24.
2024-05-02 11:29:14,566 INFO commission:58 viewing 1 commissions.
2024-05-02 11:29:14,567 INFO commission:58 viewing 2 commissions.
2024-05-02 11:29:20,245 INFO commission:110 updating commission #6633bf25b81610924bf54a24.
2024-05-02 11:29:20,285 INFO commission:58 viewing 1 commissions.
2024-05-02 11:29:20,285 INFO commission:58 viewing 2 commissions.
2024-05-02 11:29:30,383 INFO commission:110 updating commission #6633bf25b81610924bf54a24.
2024-05-02 11:29:30,427 INFO commission:58 viewing 1 commissions.
2024-05-02 11:29:30,429 INFO commission:58 viewing 2 commissions.
2024-05-02 11:30:06,609 INFO commission:134 deleting commission #6633bf25b81610924bf54a24.
2024-05-02 11:30:24,197 INFO pymongo.serverSelection:96 {"message": "Waiting for suitable server to become available", "selector": "<function writable_server_selector at 0x000001F871519C60>", "operation": "insert", "topologyDescription": "<TopologyDescription id: 6633bfa0b81610924bf54a27, topology_type: ReplicaSetNoPrimary, servers: [<ServerDescription ('ac-l0hmbsi-shard-00-00.mbupl2a.mongodb.net', 27017) server_type: Unknown, rtt: None>, <ServerDescription ('ac-l0hmbsi-shard-00-01.mbupl2a.mongodb.net', 27017) server_type: Unknown, rtt: None>, <ServerDescription ('ac-l0hmbsi-shard-00-02.mbupl2a.mongodb.net', 27017) server_type: Unknown, rtt: None>]>", "clientId": {"$oid": "6633bfa0b81610924bf54a27"}, "remainingTimeMS": 30}
2024-05-02 11:30:24,707 INFO commission:58 viewing 1 commissions.
2024-05-02 11:30:24,707 INFO commission:58 viewing 2 commissions.
2024-05-02 11:32:57,934 INFO commission:134 deleting commission #6633bf38b81610924bf54a26.
2024-05-02 11:33:13,973 INFO portfolio:54 viewing 0 portfolio items.
2024-05-02 11:35:07,358 INFO portfolio:54 viewing 0 portfolio items.
2024-05-02 11:36:04,433 INFO pymongo.serverSelection:96 {"message": "Waiting for suitable server to become available", "selector": "Primary()", "operation": "find", "topologyDescription": "<TopologyDescription id: 6633c0e7094997ae374111c0, topology_type: ReplicaSetNoPrimary, servers: [<ServerDescription ('ac-l0hmbsi-shard-00-00.mbupl2a.mongodb.net', 27017) server_type: Unknown, rtt: None>, <ServerDescription ('ac-l0hmbsi-shard-00-01.mbupl2a.mongodb.net', 27017) server_type: Unknown, rtt: None>, <ServerDescription ('ac-l0hmbsi-shard-00-02.mbupl2a.mongodb.net', 27017) server_type: Unknown, rtt: None>]>", "clientId": {"$oid": "6633c0e7094997ae374111c0"}, "remainingTimeMS": 30}
2024-05-02 11:36:06,846 INFO commission:58 viewing 1 commissions.
2024-05-02 11:36:10,603 INFO payment:53 viewing 0 commissions.
2024-05-02 11:37:00,469 INFO payment:53 viewing 0 commissions.
2024-05-02 11:38:07,512 INFO pymongo.serverSelection:96 {"message": "Waiting for suitable server to become available", "selector": "Primary()", "operation": "find", "topologyDescription": "<TopologyDescription id: 6633c16574aa944bc4033631, topology_type: ReplicaSetNoPrimary, servers: [<ServerDescription ('ac-l0hmbsi-shard-00-00.mbupl2a.mongodb.net', 27017) server_type: Unknown, rtt: None>, <ServerDescription ('ac-l0hmbsi-shard-00-01.mbupl2a.mongodb.net', 27017) server_type: Unknown, rtt: None>, <ServerDescription ('ac-l0hmbsi-shard-00-02.mbupl2a.mongodb.net', 27017) server_type: Unknown, rtt: None>]>", "clientId": {"$oid": "6633c16574aa944bc4033631"}, "remainingTimeMS": 30}
2024-05-02 11:38:09,681 INFO commission:58 viewing 1 commissions.
2024-05-02 11:38:12,624 INFO portfolio:54 viewing 0 portfolio items.
2024-05-02 11:42:17,110 INFO pymongo.serverSelection:96 {"message": "Waiting for suitable server to become available", "selector": "Primary()", "operation": "find", "topologyDescription": "<TopologyDescription id: 6633c262bc93de259a56a330, topology_type: ReplicaSetNoPrimary, servers: [<ServerDescription ('ac-l0hmbsi-shard-00-00.mbupl2a.mongodb.net', 27017) server_type: Unknown, rtt: None>, <ServerDescription ('ac-l0hmbsi-shard-00-01.mbupl2a.mongodb.net', 27017) server_type: Unknown, rtt: None>, <ServerDescription ('ac-l0hmbsi-shard-00-02.mbupl2a.mongodb.net', 27017) server_type: Unknown, rtt: None>]>", "clientId": {"$oid": "6633c262bc93de259a56a330"}, "remainingTimeMS": 30}
2024-05-02 11:42:18,893 INFO commission:58 viewing 1 commissions.
2024-05-02 11:42:20,629 INFO portfolio:54 viewing 0 portfolio items.
2024-05-02 11:42:29,009 INFO pymongo.serverSelection:96 {"message": "Waiting for suitable server to become available", "selector": "<function writable_server_selector at 0x0000027E07019C60>", "operation": "insert", "topologyDescription": "<TopologyDescription id: 6633c274bc93de259a56a332, topology_type: ReplicaSetNoPrimary, servers: [<ServerDescription ('ac-l0hmbsi-shard-00-00.mbupl2a.mongodb.net', 27017) server_type: Unknown, rtt: None>, <ServerDescription ('ac-l0hmbsi-shard-00-01.mbupl2a.mongodb.net', 27017) server_type: Unknown, rtt: None>, <ServerDescription ('ac-l0hmbsi-shard-00-02.mbupl2a.mongodb.net', 27017) server_type: Unknown, rtt: None>]>", "clientId": {"$oid": "6633c274bc93de259a56a332"}, "remainingTimeMS": 30}
2024-05-02 11:42:31,057 INFO portfolio:54 viewing 1 portfolio items.
2024-05-02 11:42:48,201 INFO portfolio:106 Updating portfolio #6633c274bc93de259a56a333.
2024-05-02 11:42:48,298 INFO portfolio:54 viewing 1 portfolio items.
2024-05-02 11:43:09,263 INFO portfolio:129 Deleting portfolio #6633c274bc93de259a56a333.
2024-05-02 11:43:12,526 INFO payment:53 viewing 0 commissions.
2024-05-02 11:43:18,583 INFO pymongo.serverSelection:96 {"message": "Waiting for suitable server to become available", "selector": "<function writable_server_selector at 0x0000027E07019C60>", "operation": "insert", "topologyDescription": "<TopologyDescription id: 6633c2a6bc93de259a56a334, topology_type: ReplicaSetNoPrimary, servers: [<ServerDescription ('ac-l0hmbsi-shard-00-00.mbupl2a.mongodb.net', 27017) server_type: Unknown, rtt: None>, <ServerDescription ('ac-l0hmbsi-shard-00-01.mbupl2a.mongodb.net', 27017) server_type: Unknown, rtt: None>, <ServerDescription ('ac-l0hmbsi-shard-00-02.mbupl2a.mongodb.net', 27017) server_type: Unknown, rtt: None>]>", "clientId": {"$oid": "6633c2a6bc93de259a56a334"}, "remainingTimeMS": 30}
2024-05-02 11:43:19,524 INFO payment:53 viewing 1 commissions.
2024-05-02 11:43:29,101 INFO payment:103 Updating payment #6633c2a6bc93de259a56a335.
2024-05-02 11:43:29,143 INFO payment:53 viewing 1 commissions.
2024-05-02 11:43:33,667 INFO payment:126 Deleting payment #6633c2a6bc93de259a56a335
2024-05-02 11:43:40,239 INFO commission:58 viewing 1 commissions.
2024-05-02 11:44:22,767 INFO commission:134 deleting commission #6633bfa0b81610924bf54a28.
2024-05-02 11:47:15,967 INFO pymongo.serverSelection:96 {"message": "Waiting for suitable server to become available", "selector": "<function writable_server_selector at 0x000002BFF5419C60>", "operation": "insert", "topologyDescription": "<TopologyDescription id: 6633c3937a6c8b4da5e76a4c, topology_type: ReplicaSetNoPrimary, servers: [<ServerDescription ('ac-l0hmbsi-shard-00-00.mbupl2a.mongodb.net', 27017) server_type: Unknown, rtt: None>, <ServerDescription ('ac-l0hmbsi-shard-00-01.mbupl2a.mongodb.net', 27017) server_type: Unknown, rtt: None>, <ServerDescription ('ac-l0hmbsi-shard-00-02.mbupl2a.mongodb.net', 27017) server_type: Unknown, rtt: None>]>", "clientId": {"$oid": "6633c3937a6c8b4da5e76a4c"}, "remainingTimeMS": 30}
2024-05-02 11:47:16,404 INFO commission:58 viewing 1 commissions.
2024-05-02 11:47:29,310 INFO commission:110 updating commission #6633c3937a6c8b4da5e76a4d.
2024-05-02 11:47:29,350 INFO commission:58 viewing 1 commissions.
2024-05-02 11:47:38,015 INFO commission:110 updating commission #6633c3937a6c8b4da5e76a4d.
2024-05-02 11:47:38,051 INFO commission:58 viewing 1 commissions.
2024-05-02 11:47:55,532 INFO pymongo.serverSelection:96 {"message": "Waiting for suitable server to become available", "selector": "<function writable_server_selector at 0x000002BFF5419C60>", "operation": "insert", "topologyDescription": "<TopologyDescription id: 6633c3bb7a6c8b4da5e76a4e, topology_type: ReplicaSetNoPrimary, servers: [<ServerDescription ('ac-l0hmbsi-shard-00-00.mbupl2a.mongodb.net', 27017) server_type: Unknown, rtt: None>, <ServerDescription ('ac-l0hmbsi-shard-00-01.mbupl2a.mongodb.net', 27017) server_type: Unknown, rtt: None>, <ServerDescription ('ac-l0hmbsi-shard-00-02.mbupl2a.mongodb.net', 27017) server_type: Unknown, rtt: None>]>", "clientId": {"$oid": "6633c3bb7a6c8b4da5e76a4e"}, "remainingTimeMS": 30}
2024-05-02 11:47:56,064 INFO commission:58 viewing 1 commissions.
2024-05-02 11:47:56,065 INFO commission:58 viewing 2 commissions.
2024-05-02 11:48:02,159 INFO commission:134 deleting commission #6633c3bb7a6c8b4da5e76a4f.
2024-05-02 11:48:03,835 INFO commission:134 deleting commission #6633c3937a6c8b4da5e76a4d.
2024-05-02 11:49:01,151 INFO pymongo.serverSelection:96 {"message": "Waiting for suitable server to become available", "selector": "Primary()", "operation": "find", "topologyDescription": "<TopologyDescription id: 6633c3f3b903fde24a0df3d7, topology_type: ReplicaSetNoPrimary, servers: [<ServerDescription ('ac-l0hmbsi-shard-00-00.mbupl2a.mongodb.net', 27017) server_type: Unknown, rtt: None>, <ServerDescription ('ac-l0hmbsi-shard-00-01.mbupl2a.mongodb.net', 27017) server_type: Unknown, rtt: None>, <ServerDescription ('ac-l0hmbsi-shard-00-02.mbupl2a.mongodb.net', 27017) server_type: Unknown, rtt: None>]>", "clientId": {"$oid": "6633c3f3b903fde24a0df3d7"}, "remainingTimeMS": 30}
2024-05-02 11:51:19,602 INFO pymongo.serverSelection:96 {"message": "Waiting for suitable server to become available", "selector": "<function writable_server_selector at 0x000001FFD2E19C60>", "operation": "insert", "topologyDescription": "<TopologyDescription id: 6633c487b903fde24a0df3d9, topology_type: ReplicaSetNoPrimary, servers: [<ServerDescription ('ac-l0hmbsi-shard-00-00.mbupl2a.mongodb.net', 27017) server_type: Unknown, rtt: None>, <ServerDescription ('ac-l0hmbsi-shard-00-01.mbupl2a.mongodb.net', 27017) server_type: Unknown, rtt: None>, <ServerDescription ('ac-l0hmbsi-shard-00-02.mbupl2a.mongodb.net', 27017) server_type: Unknown, rtt: None>]>", "clientId": {"$oid": "6633c487b903fde24a0df3d9"}, "remainingTimeMS": 30}
2024-05-02 11:51:20,044 INFO commission:58 viewing 1 commissions.
2024-05-02 11:55:40,930 INFO commission:58 viewing 1 commissions.
2024-05-02 11:56:20,471 INFO pymongo.serverSelection:96 {"message": "Waiting for suitable server to become available", "selector": "Primary()", "operation": "find", "topologyDescription": "<TopologyDescription id: 6633c5ab5aa767809f4a9d5f, topology_type: ReplicaSetNoPrimary, servers: [<ServerDescription ('ac-l0hmbsi-shard-00-00.mbupl2a.mongodb.net', 27017) server_type: Unknown, rtt: None>, <ServerDescription ('ac-l0hmbsi-shard-00-01.mbupl2a.mongodb.net', 27017) server_type: Unknown, rtt: None>, <ServerDescription ('ac-l0hmbsi-shard-00-02.mbupl2a.mongodb.net', 27017) server_type: Unknown, rtt: None>]>", "clientId": {"$oid": "6633c5ab5aa767809f4a9d5f"}, "remainingTimeMS": 30}
2024-05-02 11:56:22,600 INFO commission:58 viewing 1 commissions.
2024-05-02 11:57:41,814 INFO pymongo.serverSelection:96 {"message": "Waiting for suitable server to become available", "selector": "<function writable_server_selector at 0x0000016D4CA19C60>", "operation": "insert", "topologyDescription": "<TopologyDescription id: 6633c6055aa767809f4a9d61, topology_type: ReplicaSetNoPrimary, servers: [<ServerDescription ('ac-l0hmbsi-shard-00-00.mbupl2a.mongodb.net', 27017) server_type: Unknown, rtt: None>, <ServerDescription ('ac-l0hmbsi-shard-00-01.mbupl2a.mongodb.net', 27017) server_type: Unknown, rtt: None>, <ServerDescription ('ac-l0hmbsi-shard-00-02.mbupl2a.mongodb.net', 27017) server_type: Unknown, rtt: None>]>", "clientId": {"$oid": "6633c6055aa767809f4a9d61"}, "remainingTimeMS": 30}
2024-05-02 11:57:42,578 INFO commission:58 viewing 1 commissions.
2024-05-02 11:57:42,579 INFO commission:58 viewing 2 commissions.
2024-05-02 11:57:44,281 INFO commission:134 deleting commission #6633c6055aa767809f4a9d62.
2024-05-02 11:58:26,851 INFO commission:134 deleting commission #6633c487b903fde24a0df3da.
2024-05-02 11:59:33,309 INFO pymongo.serverSelection:96 {"message": "Waiting for suitable server to become available", "selector": "<function writable_server_selector at 0x0000027DC1739C60>", "operation": "insert", "topologyDescription": "<TopologyDescription id: 6633c675a2e01d3472133c24, topology_type: ReplicaSetNoPrimary, servers: [<ServerDescription ('ac-l0hmbsi-shard-00-00.mbupl2a.mongodb.net', 27017) server_type: Unknown, rtt: None>, <ServerDescription ('ac-l0hmbsi-shard-00-01.mbupl2a.mongodb.net', 27017) server_type: Unknown, rtt: None>, <ServerDescription ('ac-l0hmbsi-shard-00-02.mbupl2a.mongodb.net', 27017) server_type: Unknown, rtt: None>]>", "clientId": {"$oid": "6633c675a2e01d3472133c24"}, "remainingTimeMS": 30}
2024-05-02 11:59:33,821 INFO commission:58 viewing 1 commissions.
2024-05-02 12:00:11,338 INFO pymongo.serverSelection:96 {"message": "Waiting for suitable server to become available", "selector": "<function writable_server_selector at 0x0000027DC1739C60>", "operation": "insert", "topologyDescription": "<TopologyDescription id: 6633c69ba2e01d3472133c26, topology_type: ReplicaSetNoPrimary, servers: [<ServerDescription ('ac-l0hmbsi-shard-00-00.mbupl2a.mongodb.net', 27017) server_type: Unknown, rtt: None>, <ServerDescription ('ac-l0hmbsi-shard-00-01.mbupl2a.mongodb.net', 27017) server_type: Unknown, rtt: None>, <ServerDescription ('ac-l0hmbsi-shard-00-02.mbupl2a.mongodb.net', 27017) server_type: Unknown, rtt: None>]>", "clientId": {"$oid": "6633c69ba2e01d3472133c26"}, "remainingTimeMS": 30}
2024-05-02 12:00:11,756 INFO commission:58 viewing 1 commissions.
2024-05-02 12:00:11,757 INFO commission:58 viewing 2 commissions.
2024-05-02 12:00:21,373 INFO commission:110 updating commission #6633c675a2e01d3472133c25.
2024-05-02 12:00:21,409 INFO commission:58 viewing 1 commissions.
2024-05-02 12:00:21,409 INFO commission:58 viewing 2 commissions.
2024-05-02 12:00:34,629 INFO portfolio:54 viewing 0 portfolio items.
2024-05-02 12:01:48,433 INFO portfolio:54 viewing 0 portfolio items.
2024-05-02 12:04:49,191 INFO portfolio:54 viewing 0 portfolio items.
2024-05-02 12:05:08,968 INFO pymongo.serverSelection:96 {"message": "Waiting for suitable server to become available", "selector": "<function writable_server_selector at 0x0000027DC1739C60>", "operation": "insert", "topologyDescription": "<TopologyDescription id: 6633c7c4a2e01d3472133c28, topology_type: ReplicaSetNoPrimary, servers: [<ServerDescription ('ac-l0hmbsi-shard-00-00.mbupl2a.mongodb.net', 27017) server_type: Unknown, rtt: None>, <ServerDescription ('ac-l0hmbsi-shard-00-01.mbupl2a.mongodb.net', 27017) server_type: Unknown, rtt: None>, <ServerDescription ('ac-l0hmbsi-shard-00-02.mbupl2a.mongodb.net', 27017) server_type: Unknown, rtt: None>]>", "clientId": {"$oid": "6633c7c4a2e01d3472133c28"}, "remainingTimeMS": 30}
2024-05-02 12:05:10,719 INFO portfolio:54 viewing 1 portfolio items.
2024-05-02 12:05:17,366 INFO payment:53 viewing 0 commissions.
2024-05-02 12:05:27,148 INFO pymongo.serverSelection:96 {"message": "Waiting for suitable server to become available", "selector": "<function writable_server_selector at 0x0000027DC1739C60>", "operation": "insert", "topologyDescription": "<TopologyDescription id: 6633c7d7a2e01d3472133c2a, topology_type: ReplicaSetNoPrimary, servers: [<ServerDescription ('ac-l0hmbsi-shard-00-00.mbupl2a.mongodb.net', 27017) server_type: Unknown, rtt: None>, <ServerDescription ('ac-l0hmbsi-shard-00-01.mbupl2a.mongodb.net', 27017) server_type: Unknown, rtt: None>, <ServerDescription ('ac-l0hmbsi-shard-00-02.mbupl2a.mongodb.net', 27017) server_type: Unknown, rtt: None>]>", "clientId": {"$oid": "6633c7d7a2e01d3472133c2a"}, "remainingTimeMS": 30}
2024-05-02 12:05:27,548 INFO payment:53 viewing 1 commissions.
2024-05-02 12:05:36,923 INFO pymongo.serverSelection:96 {"message": "Waiting for suitable server to become available", "selector": "<function writable_server_selector at 0x0000027DC1739C60>", "operation": "insert", "topologyDescription": "<TopologyDescription id: 6633c7e0a2e01d3472133c2c, topology_type: ReplicaSetNoPrimary, servers: [<ServerDescription ('ac-l0hmbsi-shard-00-00.mbupl2a.mongodb.net', 27017) server_type: Unknown, rtt: None>, <ServerDescription ('ac-l0hmbsi-shard-00-01.mbupl2a.mongodb.net', 27017) server_type: Unknown, rtt: None>, <ServerDescription ('ac-l0hmbsi-shard-00-02.mbupl2a.mongodb.net', 27017) server_type: Unknown, rtt: None>]>", "clientId": {"$oid": "6633c7e0a2e01d3472133c2c"}, "remainingTimeMS": 30}
2024-05-02 12:05:37,354 INFO payment:53 viewing 2 commissions.
2024-05-02 12:05:58,174 INFO pymongo.serverSelection:96 {"message": "Waiting for suitable server to become available", "selector": "<function writable_server_selector at 0x0000027DC1739C60>", "operation": "insert", "topologyDescription": "<TopologyDescription id: 6633c7f6a2e01d3472133c2e, topology_type: ReplicaSetNoPrimary, servers: [<ServerDescription ('ac-l0hmbsi-shard-00-00.mbupl2a.mongodb.net', 27017) server_type: Unknown, rtt: None>, <ServerDescription ('ac-l0hmbsi-shard-00-01.mbupl2a.mongodb.net', 27017) server_type: Unknown, rtt: None>, <ServerDescription ('ac-l0hmbsi-shard-00-02.mbupl2a.mongodb.net', 27017) server_type: Unknown, rtt: None>]>", "clientId": {"$oid": "6633c7f6a2e01d3472133c2e"}, "remainingTimeMS": 30}
2024-05-02 12:05:58,614 INFO payment:53 viewing 3 commissions.
2024-05-02 12:06:00,940 INFO payment:126 Deleting payment #6633c7f6a2e01d3472133c2f
2024-05-02 12:06:11,278 INFO pymongo.serverSelection:96 {"message": "Waiting for suitable server to become available", "selector": "<function writable_server_selector at 0x0000027DC1739C60>", "operation": "insert", "topologyDescription": "<TopologyDescription id: 6633c803a2e01d3472133c30, topology_type: ReplicaSetNoPrimary, servers: [<ServerDescription ('ac-l0hmbsi-shard-00-00.mbupl2a.mongodb.net', 27017) server_type: Unknown, rtt: None>, <ServerDescription ('ac-l0hmbsi-shard-00-01.mbupl2a.mongodb.net', 27017) server_type: Unknown, rtt: None>, <ServerDescription ('ac-l0hmbsi-shard-00-02.mbupl2a.mongodb.net', 27017) server_type: Unknown, rtt: None>]>", "clientId": {"$oid": "6633c803a2e01d3472133c30"}, "remainingTimeMS": 30}
2024-05-02 12:06:11,767 INFO payment:53 viewing 3 commissions.
2024-05-02 12:06:18,348 INFO payment:103 Updating payment #6633c803a2e01d3472133c31.
2024-05-02 12:06:18,391 INFO payment:53 viewing 3 commissions.
2024-05-02 12:06:20,799 INFO payment:126 Deleting payment #6633c803a2e01d3472133c31
2024-05-02 12:06:22,989 INFO portfolio:54 viewing 1 portfolio items.
2024-05-02 12:06:25,941 INFO commission:58 viewing 1 commissions.
2024-05-02 12:06:25,941 INFO commission:58 viewing 2 commissions.
2024-05-02 12:29:41,152 INFO commission:58 viewing 1 commissions.
2024-05-02 12:29:41,152 INFO commission:58 viewing 2 commissions.
2024-05-02 13:16:28,143 INFO pymongo.serverSelection:96 {"message": "Waiting for suitable server to become available", "selector": "Primary()", "operation": "find", "topologyDescription": "<TopologyDescription id: 6633d7b5e7d6e9f376865fde, topology_type: ReplicaSetNoPrimary, servers: [<ServerDescription ('ac-l0hmbsi-shard-00-00.mbupl2a.mongodb.net', 27017) server_type: Unknown, rtt: None>, <ServerDescription ('ac-l0hmbsi-shard-00-01.mbupl2a.mongodb.net', 27017) server_type: Unknown, rtt: None>, <ServerDescription ('ac-l0hmbsi-shard-00-02.mbupl2a.mongodb.net', 27017) server_type: Unknown, rtt: None>]>", "clientId": {"$oid": "6633d7b5e7d6e9f376865fde"}, "remainingTimeMS": 30}
2024-05-02 13:16:47,799 INFO commission:58 viewing 1 commissions.
2024-05-02 13:16:47,819 INFO commission:58 viewing 2 commissions.
2024-05-02 13:17:24,209 INFO pymongo.serverSelection:96 {"message": "Waiting for suitable server to become available", "selector": "<function writable_server_selector at 0x0000027206729C60>", "operation": "insert", "topologyDescription": "<TopologyDescription id: 6633d8b4e7d6e9f376865fe1, topology_type: ReplicaSetNoPrimary, servers: [<ServerDescription ('ac-l0hmbsi-shard-00-00.mbupl2a.mongodb.net', 27017) server_type: Unknown, rtt: None>, <ServerDescription ('ac-l0hmbsi-shard-00-01.mbupl2a.mongodb.net', 27017) server_type: Unknown, rtt: None>, <ServerDescription ('ac-l0hmbsi-shard-00-02.mbupl2a.mongodb.net', 27017) server_type: Unknown, rtt: None>]>", "clientId": {"$oid": "6633d8b4e7d6e9f376865fe1"}, "remainingTimeMS": 30}
2024-05-02 13:17:24,655 INFO commission:58 viewing 1 commissions.
2024-05-02 13:17:24,656 INFO commission:58 viewing 2 commissions.
2024-05-02 13:17:24,657 INFO commission:58 viewing 3 commissions.
2024-05-02 13:17:46,243 INFO commission:110 updating commission #6633c69ba2e01d3472133c27.
2024-05-02 13:17:46,283 INFO commission:58 viewing 1 commissions.
2024-05-02 13:17:46,284 INFO commission:58 viewing 2 commissions.
2024-05-02 13:17:46,285 INFO commission:58 viewing 3 commissions.
2024-05-02 13:17:54,046 INFO commission:134 deleting commission #6633c675a2e01d3472133c25.
2024-05-02 13:18:20,795 INFO portfolio:54 viewing 1 portfolio items.
2024-05-02 13:18:39,350 INFO portfolio:106 Updating portfolio #6633c7c4a2e01d3472133c29.
2024-05-02 13:18:39,443 INFO portfolio:54 viewing 1 portfolio items.
2024-05-02 13:19:13,733 INFO pymongo.serverSelection:96 {"message": "Waiting for suitable server to become available", "selector": "<function writable_server_selector at 0x0000027206729C60>", "operation": "insert", "topologyDescription": "<TopologyDescription id: 6633d921e7d6e9f376865fe3, topology_type: ReplicaSetNoPrimary, servers: [<ServerDescription ('ac-l0hmbsi-shard-00-00.mbupl2a.mongodb.net', 27017) server_type: Unknown, rtt: None>, <ServerDescription ('ac-l0hmbsi-shard-00-01.mbupl2a.mongodb.net', 27017) server_type: Unknown, rtt: None>, <ServerDescription ('ac-l0hmbsi-shard-00-02.mbupl2a.mongodb.net', 27017) server_type: Unknown, rtt: None>]>", "clientId": {"$oid": "6633d921e7d6e9f376865fe3"}, "remainingTimeMS": 30}
2024-05-02 13:19:14,665 INFO portfolio:54 viewing 2 portfolio items.
2024-05-02 13:19:19,652 INFO payment:53 viewing 2 commissions.
2024-05-02 13:19:45,093 INFO pymongo.serverSelection:96 {"message": "Waiting for suitable server to become available", "selector": "<function writable_server_selector at 0x0000027206729C60>", "operation": "insert", "topologyDescription": "<TopologyDescription id: 6633d941e7d6e9f376865fe5, topology_type: ReplicaSetNoPrimary, servers: [<ServerDescription ('ac-l0hmbsi-shard-00-00.mbupl2a.mongodb.net', 27017) server_type: Unknown, rtt: None>, <ServerDescription ('ac-l0hmbsi-shard-00-01.mbupl2a.mongodb.net', 27017) server_type: Unknown, rtt: None>, <ServerDescription ('ac-l0hmbsi-shard-00-02.mbupl2a.mongodb.net', 27017) server_type: Unknown, rtt: None>]>", "clientId": {"$oid": "6633d941e7d6e9f376865fe5"}, "remainingTimeMS": 30}
2024-05-02 13:19:45,509 INFO payment:53 viewing 3 commissions.
